<?xml version="1.0" encoding="utf-8"?><testsuites name="pytest tests"><testsuite name="pytest" errors="0" failures="0" skipped="0" tests="10" time="11.779" timestamp="2026-02-26T03:50:01.993571+00:00" hostname="agent-env-7722c171-21b5-4740-93b7-b599515350bd"><testcase classname="backend.tests.test_iteration14_features.TestDashboardAnalyticsNewFeatures" name="test_dashboard_returns_value_by_status" time="0.942" /><testcase classname="backend.tests.test_iteration14_features.TestDashboardAnalyticsNewFeatures" name="test_dashboard_returns_sales_manager_leaderboard" time="0.782" /><testcase classname="backend.tests.test_iteration14_features.TestDashboardAnalyticsNewFeatures" name="test_dashboard_accepts_project_type_ids_filter" time="1.523" /><testcase classname="backend.tests.test_iteration14_features.TestDashboardAnalyticsNewFeatures" name="test_dashboard_accepts_location_codes_filter" time="1.117" /><testcase classname="backend.tests.test_iteration14_features.TestDashboardAnalyticsNewFeatures" name="test_dashboard_accepts_sales_manager_ids_filter" time="1.508" /><testcase classname="backend.tests.test_iteration14_features.TestDashboardAnalyticsNewFeatures" name="test_dashboard_combined_filters" time="0.804" /><testcase classname="backend.tests.test_iteration14_features.TestCreateProjectWithSalesManager" name="test_create_project_with_sales_manager_appears_in_leaderboard" time="2.300" /><testcase classname="backend.tests.test_iteration14_features.TestExistingFeaturesStillWork" name="test_dashboard_returns_existing_fields" time="0.771" /><testcase classname="backend.tests.test_iteration14_features.TestExistingFeaturesStillWork" name="test_sales_managers_crud_still_works" time="1.144" /><testcase classname="backend.tests.test_iteration14_features.TestExistingFeaturesStillWork" name="test_project_types_endpoint" time="0.787" /></testsuite></testsuites>