<?xml version="1.0" encoding="utf-8"?><testsuites name="pytest tests"><testsuite name="pytest" errors="0" failures="0" skipped="0" tests="13" time="10.452" timestamp="2026-02-22T16:24:42.782180+00:00" hostname="agent-env-2175025a-d8b5-4235-8763-34e51c29afde"><testcase classname="tests.test_iteration7_features.TestMultiSelectFields" name="test_create_project_with_multiple_technologies" time="1.830" /><testcase classname="tests.test_iteration7_features.TestMultiSelectFields" name="test_create_project_with_multiple_project_types" time="1.624" /><testcase classname="tests.test_iteration7_features.TestReadOnlyMode" name="test_get_approved_project" time="0.392" /><testcase classname="tests.test_iteration7_features.TestReadOnlyMode" name="test_create_and_submit_for_review" time="2.074" /><testcase classname="tests.test_iteration7_features.TestVersionNotes" name="test_version_notes_saved_on_create" time="1.210" /><testcase classname="tests.test_iteration7_features.TestVersionNotes" name="test_version_notes_in_project_response" time="0.399" /><testcase classname="tests.test_iteration7_features.TestCompareVersionsAPI" name="test_get_project_versions_api" time="0.428" /><testcase classname="tests.test_iteration7_features.TestCompareVersionsAPI" name="test_versions_include_wave_data" time="0.389" /><testcase classname="tests.test_iteration7_features.TestKPICalculations" name="test_project_has_profit_margin" time="0.408" /><testcase classname="tests.test_iteration7_features.TestKPICalculations" name="test_project_allocations_have_salary_data" time="0.393" /><testcase classname="tests.test_iteration7_features.TestInlineGridDropdowns" name="test_skills_api_returns_data" time="0.396" /><testcase classname="tests.test_iteration7_features.TestInlineGridDropdowns" name="test_locations_api_returns_data" time="0.390" /><testcase classname="tests.test_iteration7_features.TestInlineGridDropdowns" name="test_proficiency_rates_api_for_salary_lookup" time="0.400" /></testsuite></testsuites>