<?xml version="1.0" encoding="utf-8"?><testsuites name="pytest tests"><testsuite name="pytest" errors="0" failures="0" skipped="0" tests="21" time="16.979" timestamp="2026-02-26T03:30:01.486065+00:00" hostname="agent-env-7722c171-21b5-4740-93b7-b599515350bd"><testcase classname="backend.tests.test_iteration13_new_features.TestSalesManagerCRUD" name="test_create_sales_manager" time="0.928" /><testcase classname="backend.tests.test_iteration13_new_features.TestSalesManagerCRUD" name="test_get_all_sales_managers" time="0.421" /><testcase classname="backend.tests.test_iteration13_new_features.TestSalesManagerCRUD" name="test_get_active_sales_managers_only" time="0.423" /><testcase classname="backend.tests.test_iteration13_new_features.TestSalesManagerCRUD" name="test_get_single_sales_manager" time="1.266" /><testcase classname="backend.tests.test_iteration13_new_features.TestSalesManagerCRUD" name="test_update_sales_manager" time="1.262" /><testcase classname="backend.tests.test_iteration13_new_features.TestSalesManagerCRUD" name="test_delete_sales_manager" time="1.252" /><testcase classname="backend.tests.test_iteration13_new_features.TestSalesManagerCRUD" name="test_delete_nonexistent_sales_manager" time="0.416" /><testcase classname="backend.tests.test_iteration13_new_features.TestDashboardAnalytics" name="test_dashboard_analytics_endpoint" time="0.421" /><testcase classname="backend.tests.test_iteration13_new_features.TestDashboardAnalytics" name="test_dashboard_analytics_structure_technology" time="0.399" /><testcase classname="backend.tests.test_iteration13_new_features.TestDashboardAnalytics" name="test_dashboard_analytics_structure_project_type" time="0.432" /><testcase classname="backend.tests.test_iteration13_new_features.TestDashboardAnalytics" name="test_dashboard_analytics_structure_location" time="0.411" /><testcase classname="backend.tests.test_iteration13_new_features.TestDashboardAnalytics" name="test_dashboard_analytics_structure_sales_manager" time="0.420" /><testcase classname="backend.tests.test_iteration13_new_features.TestDashboardAnalytics" name="test_dashboard_label_total_value_estimations" time="0.410" /><testcase classname="backend.tests.test_iteration13_new_features.TestNotificationEndpoints" name="test_get_notifications" time="0.417" /><testcase classname="backend.tests.test_iteration13_new_features.TestNotificationEndpoints" name="test_get_notifications_by_user_email" time="0.415" /><testcase classname="backend.tests.test_iteration13_new_features.TestNotificationEndpoints" name="test_get_unread_notifications_only" time="0.462" /><testcase classname="backend.tests.test_iteration13_new_features.TestNotificationEndpoints" name="test_mark_all_notifications_read" time="0.410" /><testcase classname="backend.tests.test_iteration13_new_features.TestAuthentication" name="test_login_success" time="0.444" /><testcase classname="backend.tests.test_iteration13_new_features.TestAuthentication" name="test_get_current_user" time="0.805" /><testcase classname="backend.tests.test_iteration13_new_features.TestProjectWithSalesManager" name="test_create_project_with_sales_manager" time="2.100" /><testcase classname="backend.tests.test_iteration13_new_features.TestProjectWithSalesManager" name="test_update_project_sales_manager" time="3.338" /></testsuite></testsuites>