<?xml version="1.0" encoding="utf-8"?><testsuites name="pytest tests"><testsuite name="pytest" errors="0" failures="0" skipped="0" tests="16" time="2.516" timestamp="2026-02-22T15:16:13.545793+00:00" hostname="agent-env-e9a8432e-0eea-43a8-9999-a0b94dda57d0"><testcase classname="backend.tests.test_new_features.TestDashboardAnalytics" name="test_get_dashboard_analytics" time="0.172" /><testcase classname="backend.tests.test_new_features.TestDashboardAnalytics" name="test_analytics_monthly_data_structure" time="0.048" /><testcase classname="backend.tests.test_new_features.TestDashboardAnalytics" name="test_analytics_top_customers_structure" time="0.041" /><testcase classname="backend.tests.test_new_features.TestNotificationsAPI" name="test_get_notifications_all" time="0.079" /><testcase classname="backend.tests.test_new_features.TestNotificationsAPI" name="test_get_notifications_unread_only" time="0.047" /><testcase classname="backend.tests.test_new_features.TestNotificationsAPI" name="test_get_notifications_by_email" time="0.040" /><testcase classname="backend.tests.test_new_features.TestNotificationsAPI" name="test_mark_all_notifications_read" time="0.049" /><testcase classname="backend.tests.test_new_features.TestApprovalWorkflow" name="test_project_default_status_is_draft" time="0.237" /><testcase classname="backend.tests.test_new_features.TestApprovalWorkflow" name="test_submit_for_review" time="0.157" /><testcase classname="backend.tests.test_new_features.TestApprovalWorkflow" name="test_submit_for_review_missing_email" time="0.217" /><testcase classname="backend.tests.test_new_features.TestApprovalWorkflow" name="test_approve_project" time="0.254" /><testcase classname="backend.tests.test_new_features.TestApprovalWorkflow" name="test_reject_project" time="0.326" /><testcase classname="backend.tests.test_new_features.TestProjectVersions" name="test_get_project_versions" time="0.076" /><testcase classname="backend.tests.test_new_features.TestProjectVersions" name="test_project_has_status_field" time="0.038" /><testcase classname="backend.tests.test_new_features.TestNotificationCreation" name="test_notification_created_on_submit_for_review" time="0.268" /><testcase classname="backend.tests.test_new_features.TestMarkNotificationRead" name="test_mark_notification_as_read" time="0.313" /></testsuite></testsuites>