<?xml version="1.0" encoding="utf-8"?><testsuites name="pytest tests"><testsuite name="pytest" errors="0" failures="0" skipped="0" tests="8" time="8.344" timestamp="2026-02-23T16:20:38.586630+00:00" hostname="agent-env-0cab1974-0902-49d6-ac81-816df29e119d"><testcase classname="tests.test_iteration11_features.TestProjectArchiving" name="test_archived_endpoint_exists" time="0.585" /><testcase classname="tests.test_iteration11_features.TestProjectArchiving" name="test_archive_and_unarchive_flow" time="3.112" /><testcase classname="tests.test_iteration11_features.TestDashboardDateFilter" name="test_dashboard_analytics_no_filter" time="0.510" /><testcase classname="tests.test_iteration11_features.TestDashboardDateFilter" name="test_dashboard_analytics_with_date_from" time="0.415" /><testcase classname="tests.test_iteration11_features.TestDashboardDateFilter" name="test_dashboard_analytics_with_date_to" time="0.438" /><testcase classname="tests.test_iteration11_features.TestDashboardDateFilter" name="test_dashboard_analytics_with_date_range" time="0.408" /><testcase classname="tests.test_iteration11_features.TestDashboardDateFilter" name="test_dashboard_analytics_with_customer_filter" time="0.789" /><testcase classname="tests.test_iteration11_features.TestSellingPriceCalculation" name="test_create_project_with_logistics_and_verify_calculation" time="1.966" /></testsuite></testsuites>