<?xml version="1.0" encoding="utf-8"?><testsuites name="pytest tests"><testsuite name="pytest" errors="0" failures="2" skipped="0" tests="9" time="4.107" timestamp="2026-02-22T15:50:27.723297+00:00" hostname="agent-env-e9a8432e-0eea-43a8-9999-a0b94dda57d0"><testcase classname="backend.tests.test_iteration6_features.TestSkillsDuplicateHandling" name="test_duplicate_skill_same_technology_rejected" time="0.648" /><testcase classname="backend.tests.test_iteration6_features.TestSkillsDuplicateHandling" name="test_same_skill_different_technology_allowed" time="0.507" /><testcase classname="backend.tests.test_iteration6_features.TestProficiencyRatesDuplicateHandling" name="test_duplicate_rate_combination_rejected" time="0.638" /><testcase classname="backend.tests.test_iteration6_features.TestProjectMultipleLocations" name="test_create_project_with_multiple_locations" time="0.309" /><testcase classname="backend.tests.test_iteration6_features.TestVersionNotes" name="test_project_version_notes_saved" time="0.338"><failure message="AssertionError: assert '' == 'Initial vers...timate for Q1'&#10;  &#10;  - Initial version - baseline estimate for Q1">backend/tests/test_iteration6_features.py:217: in test_project_version_notes_saved
    assert fetched.get('version_notes') == version_notes
E   AssertionError: assert '' == 'Initial vers...timate for Q1'
E     
E     - Initial version - baseline estimate for Q1</failure></testcase><testcase classname="backend.tests.test_iteration6_features.TestReadOnlyOldVersion" name="test_old_version_marked_not_latest" time="0.868" /><testcase classname="backend.tests.test_iteration6_features.TestApprovedProjectReadOnly" name="test_approved_project_status" time="0.118" /><testcase classname="backend.tests.test_iteration6_features.TestApprovedProjectReadOnly" name="test_clone_approved_project" time="0.254"><failure message="AssertionError: assert 'approved' == 'draft'&#10;  &#10;  - draft&#10;  + approved">backend/tests/test_iteration6_features.py:313: in test_clone_approved_project
    assert cloned.get('status') == 'draft'
E   AssertionError: assert 'approved' == 'draft'
E     
E     - draft
E     + approved</failure></testcase><testcase classname="backend.tests.test_iteration6_features.TestExpandableVersionHistory" name="test_get_project_versions" time="0.193" /></testsuite></testsuites>