<?xml version="1.0" encoding="utf-8"?><testsuites name="pytest tests"><testsuite name="pytest" errors="0" failures="1" skipped="0" tests="7" time="12.752" timestamp="2026-02-22T13:24:35.883835+00:00" hostname="agent-env-e9a8432e-0eea-43a8-9999-a0b94dda57d0"><testcase classname="backend.tests.test_travel_required.TestTravelRequiredFeature" name="test_create_project_with_travel_required_resource" time="1.511" /><testcase classname="backend.tests.test_travel_required.TestTravelRequiredFeature" name="test_travel_required_independent_from_onsite" time="1.214" /><testcase classname="backend.tests.test_travel_required.TestTravelRequiredFeature" name="test_update_project_with_travel_required_toggle" time="1.566" /><testcase classname="backend.tests.test_travel_required.TestCompareVersionsFeature" name="test_create_project_version" time="2.022" /><testcase classname="backend.tests.test_travel_required.TestCompareVersionsFeature" name="test_get_project_versions" time="2.714" /><testcase classname="backend.tests.test_travel_required.TestCompareVersionsFeature" name="test_compare_versions_data_includes_travel_required" time="2.412" /><testcase classname="backend.tests.test_travel_required.TestLogisticsConfigInWave" name="test_wave_logistics_config_preserved" time="1.198"><failure message="AssertionError: assert None == 75&#10; +  where None = &lt;built-in method get of dict object at 0xfe61eadda9c0&gt;('per_diem_daily')&#10; +    where &lt;built-in method get of dict object at 0xfe61eadda9c0&gt; = {}.get">backend/tests/test_travel_required.py:481: in test_wave_logistics_config_preserved
    assert saved_config.get('per_diem_daily') == 75
E   AssertionError: assert None == 75
E    +  where None = &lt;built-in method get of dict object at 0xfe61eadda9c0&gt;('per_diem_daily')
E    +    where &lt;built-in method get of dict object at 0xfe61eadda9c0&gt; = {}.get</failure></testcase></testsuite></testsuites>