<?xml version="1.0" encoding="utf-8"?><testsuites name="pytest tests"><testsuite name="pytest" errors="0" failures="0" skipped="0" tests="17" time="7.256" timestamp="2026-02-26T04:13:44.671727+00:00" hostname="agent-env-7722c171-21b5-4740-93b7-b599515350bd"><testcase classname="backend.tests.test_iteration15_features.TestDashboardAnalyticsProjectNumbers" name="test_analytics_endpoint_returns_200" time="0.579" /><testcase classname="backend.tests.test_iteration15_features.TestDashboardAnalyticsProjectNumbers" name="test_technology_data_has_project_numbers" time="0.359" /><testcase classname="backend.tests.test_iteration15_features.TestDashboardAnalyticsProjectNumbers" name="test_project_type_data_has_project_numbers" time="0.361" /><testcase classname="backend.tests.test_iteration15_features.TestDashboardAnalyticsProjectNumbers" name="test_location_data_has_project_numbers" time="0.369" /><testcase classname="backend.tests.test_iteration15_features.TestDashboardAnalyticsProjectNumbers" name="test_sales_manager_data_has_project_numbers" time="0.355" /><testcase classname="backend.tests.test_iteration15_features.TestDashboardCombinationGrouping" name="test_location_grouping_format" time="0.358" /><testcase classname="backend.tests.test_iteration15_features.TestDashboardCombinationGrouping" name="test_technology_grouping_format" time="0.356" /><testcase classname="backend.tests.test_iteration15_features.TestDashboardCompare" name="test_compare_endpoint_requires_params" time="0.472" /><testcase classname="backend.tests.test_iteration15_features.TestDashboardCompare" name="test_compare_endpoint_with_valid_params" time="0.355" /><testcase classname="backend.tests.test_iteration15_features.TestDashboardCompare" name="test_compare_response_structure" time="0.373" /><testcase classname="backend.tests.test_iteration15_features.TestNotificationsAPI" name="test_notifications_endpoint_returns_200" time="0.764" /><testcase classname="backend.tests.test_iteration15_features.TestNotificationsAPI" name="test_notifications_returns_list" time="0.403" /><testcase classname="backend.tests.test_iteration15_features.TestSalesManagersAPI" name="test_sales_managers_endpoint_returns_200" time="0.355" /><testcase classname="backend.tests.test_iteration15_features.TestSalesManagersAPI" name="test_sales_managers_returns_list" time="0.355" /><testcase classname="backend.tests.test_iteration15_features.TestProjectSalesManager" name="test_project_has_sales_manager_fields" time="0.580" /><testcase classname="backend.tests.test_iteration15_features.TestDashboardExistingFeatures" name="test_value_by_status_in_response" time="0.377" /><testcase classname="backend.tests.test_iteration15_features.TestDashboardExistingFeatures" name="test_sales_manager_leaderboard_in_response" time="0.369" /></testsuite></testsuites>