<?xml version="1.0" encoding="utf-8"?><testsuites name="pytest tests"><testsuite name="pytest" errors="0" failures="0" skipped="0" tests="7" time="12.555" timestamp="2026-02-22T13:25:19.582487+00:00" hostname="agent-env-e9a8432e-0eea-43a8-9999-a0b94dda57d0"><testcase classname="backend.tests.test_travel_required.TestTravelRequiredFeature" name="test_create_project_with_travel_required_resource" time="1.411" /><testcase classname="backend.tests.test_travel_required.TestTravelRequiredFeature" name="test_travel_required_independent_from_onsite" time="1.486" /><testcase classname="backend.tests.test_travel_required.TestTravelRequiredFeature" name="test_update_project_with_travel_required_toggle" time="1.594" /><testcase classname="backend.tests.test_travel_required.TestCompareVersionsFeature" name="test_create_project_version" time="2.040" /><testcase classname="backend.tests.test_travel_required.TestCompareVersionsFeature" name="test_get_project_versions" time="2.375" /><testcase classname="backend.tests.test_travel_required.TestCompareVersionsFeature" name="test_compare_versions_data_includes_travel_required" time="2.415" /><testcase classname="backend.tests.test_travel_required.TestLogisticsConfigInWave" name="test_wave_logistics_config_preserved" time="1.176" /></testsuite></testsuites>