<?xml version="1.0" encoding="utf-8"?><testsuites name="pytest tests"><testsuite name="pytest" errors="0" failures="0" skipped="0" tests="9" time="6.446" timestamp="2026-02-23T16:49:07.813501+00:00" hostname="agent-env-0cab1974-0902-49d6-ac81-816df29e119d"><testcase classname="backend.tests.test_iteration12_calculations.TestCalculationsAndLogistics" name="test_project_exists" time="0.831" /><testcase classname="backend.tests.test_iteration12_calculations.TestCalculationsAndLogistics" name="test_logistics_config_exists_in_wave" time="0.427" /><testcase classname="backend.tests.test_iteration12_calculations.TestCalculationsAndLogistics" name="test_logistics_persistence_after_save" time="2.258" /><testcase classname="backend.tests.test_iteration12_calculations.TestCalculationsAndLogistics" name="test_row_selling_price_calculation" time="0.469" /><testcase classname="backend.tests.test_iteration12_calculations.TestCalculationsAndLogistics" name="test_wave_selling_price_calculation" time="0.425" /><testcase classname="backend.tests.test_iteration12_calculations.TestCalculationsAndLogistics" name="test_onsite_offshore_selling_price" time="0.413" /><testcase classname="backend.tests.test_iteration12_calculations.TestCalculationsAndLogistics" name="test_avg_per_mm_calculation" time="0.432" /><testcase classname="backend.tests.test_iteration12_calculations.TestCalculationsAndLogistics" name="test_total_selling_price" time="0.424" /><testcase classname="backend.tests.test_iteration12_calculations.TestIsOnsiteIndicator" name="test_is_onsite_field_exists" time="0.432" /></testsuite></testsuites>