<?xml version="1.0" encoding="utf-8"?><testsuites name="pytest tests"><testsuite name="pytest" errors="0" failures="0" skipped="0" tests="19" time="14.497" timestamp="2026-02-22T17:11:25.024206+00:00" hostname="agent-env-2175025a-d8b5-4235-8763-34e51c29afde"><testcase classname="backend.tests.test_iteration8_features.TestJWTAuthentication" name="test_register_new_user_success" time="0.588" /><testcase classname="backend.tests.test_iteration8_features.TestJWTAuthentication" name="test_register_duplicate_email_fails" time="0.879" /><testcase classname="backend.tests.test_iteration8_features.TestJWTAuthentication" name="test_login_existing_user_success" time="0.395" /><testcase classname="backend.tests.test_iteration8_features.TestJWTAuthentication" name="test_login_invalid_credentials_fails" time="0.402" /><testcase classname="backend.tests.test_iteration8_features.TestJWTAuthentication" name="test_login_nonexistent_user_fails" time="0.401" /><testcase classname="backend.tests.test_iteration8_features.TestJWTAuthentication" name="test_auth_me_with_valid_token" time="0.795" /><testcase classname="backend.tests.test_iteration8_features.TestJWTAuthentication" name="test_auth_me_without_token_fails" time="0.436" /><testcase classname="backend.tests.test_iteration8_features.TestTemplateFeatures" name="test_get_templates_endpoint" time="0.852" /><testcase classname="backend.tests.test_iteration8_features.TestTemplateFeatures" name="test_save_project_as_template" time="1.657" /><testcase classname="backend.tests.test_iteration8_features.TestTemplateFeatures" name="test_save_as_template_requires_name" time="1.185" /><testcase classname="backend.tests.test_iteration8_features.TestTemplateFeatures" name="test_create_project_from_template" time="1.474" /><testcase classname="backend.tests.test_iteration8_features.TestTemplateFeatures" name="test_remove_template_flag" time="1.219" /><testcase classname="backend.tests.test_iteration8_features.TestSkillsAndRatesEndpoints" name="test_get_skills" time="0.430" /><testcase classname="backend.tests.test_iteration8_features.TestSkillsAndRatesEndpoints" name="test_get_proficiency_rates" time="0.389" /><testcase classname="backend.tests.test_iteration8_features.TestSkillsAndRatesEndpoints" name="test_create_skill" time="0.826" /><testcase classname="backend.tests.test_iteration8_features.TestSkillsAndRatesEndpoints" name="test_create_proficiency_rate" time="1.218" /><testcase classname="backend.tests.test_iteration8_features.TestProjectWithCostCalculations" name="test_project_allocations_have_overhead" time="0.396" /><testcase classname="backend.tests.test_iteration8_features.TestProjectWithCostCalculations" name="test_wave_logistics_config_exists" time="0.433" /><testcase classname="backend.tests.test_iteration8_features.TestProjectsTemplateFlag" name="test_projects_have_template_flag" time="0.387" /></testsuite></testsuites>