<?xml version="1.0" encoding="utf-8"?><testsuites name="pytest tests"><testsuite name="pytest" errors="0" failures="0" skipped="0" tests="11" time="2.466" timestamp="2026-02-23T15:14:36.202577+00:00" hostname="agent-env-79661996-c027-4ba5-8080-0c8dd05d5bc2"><testcase classname="backend.tests.test_iteration10_features.TestDashboardFilters" name="test_dashboard_analytics_no_filters" time="0.250" /><testcase classname="backend.tests.test_iteration10_features.TestDashboardFilters" name="test_dashboard_date_filter_from" time="0.101" /><testcase classname="backend.tests.test_iteration10_features.TestDashboardFilters" name="test_dashboard_date_filter_to" time="0.091" /><testcase classname="backend.tests.test_iteration10_features.TestDashboardFilters" name="test_dashboard_date_range_filter" time="0.164" /><testcase classname="backend.tests.test_iteration10_features.TestDashboardFilters" name="test_dashboard_customer_filter" time="0.197" /><testcase classname="backend.tests.test_iteration10_features.TestProjectAuditFields" name="test_project_has_created_by_fields" time="0.293" /><testcase classname="backend.tests.test_iteration10_features.TestProjectAuditFields" name="test_projects_list_includes_created_fields" time="0.153" /><testcase classname="backend.tests.test_iteration10_features.TestAccessControl" name="test_clone_project_sets_creator" time="0.475" /><testcase classname="backend.tests.test_iteration10_features.TestAccessControl" name="test_create_from_template_sets_creator" time="0.362" /><testcase classname="backend.tests.test_iteration10_features.TestUsersEndpoint" name="test_get_users_requires_admin" time="0.097" /><testcase classname="backend.tests.test_iteration10_features.TestUsersEndpoint" name="test_get_users_with_admin" time="0.177" /></testsuite></testsuites>