<?xml version="1.0" encoding="utf-8"?><testsuites name="pytest tests"><testsuite name="pytest" errors="0" failures="1" skipped="0" tests="15" time="13.201" timestamp="2026-02-23T11:00:38.764083+00:00" hostname="agent-env-79661996-c027-4ba5-8080-0c8dd05d5bc2"><testcase classname="backend.tests.test_iteration9_features.TestAdminAuthentication" name="test_admin_login_success" time="0.538" /><testcase classname="backend.tests.test_iteration9_features.TestAdminAuthentication" name="test_admin_login_invalid_credentials" time="0.420" /><testcase classname="backend.tests.test_iteration9_features.TestAdminAuthentication" name="test_get_current_user" time="0.842" /><testcase classname="backend.tests.test_iteration9_features.TestDashboardAnalytics" name="test_dashboard_analytics_returns_data" time="0.407" /><testcase classname="backend.tests.test_iteration9_features.TestDashboardAnalytics" name="test_dashboard_analytics_with_filters" time="0.843" /><testcase classname="backend.tests.test_iteration9_features.TestUserManagement" name="test_get_users_as_admin" time="0.887" /><testcase classname="backend.tests.test_iteration9_features.TestUserManagement" name="test_get_users_without_auth" time="0.431" /><testcase classname="backend.tests.test_iteration9_features.TestUserManagement" name="test_create_user_as_admin" time="0.813" /><testcase classname="backend.tests.test_iteration9_features.TestUserManagement" name="test_update_user_role_as_admin" time="1.214" /><testcase classname="backend.tests.test_iteration9_features.TestUserManagement" name="test_delete_user_as_admin" time="1.692" /><testcase classname="backend.tests.test_iteration9_features.TestUserManagement" name="test_user_management_forbidden_for_non_admin" time="0.842"><failure message="AssertionError: Expected 403, got 200&#10;assert 200 == 403&#10; +  where 200 = &lt;Response [200]&gt;.status_code">backend/tests/test_iteration9_features.py:259: in test_user_management_forbidden_for_non_admin
    assert response.status_code == 403, f"Expected 403, got {response.status_code}"
E   AssertionError: Expected 403, got 200
E   assert 200 == 403
E    +  where 200 = &lt;Response [200]&gt;.status_code</failure></testcase><testcase classname="backend.tests.test_iteration9_features.TestProficiencyRates" name="test_get_proficiency_rates" time="0.397" /><testcase classname="backend.tests.test_iteration9_features.TestProficiencyRates" name="test_update_proficiency_rate_salary" time="1.688" /><testcase classname="backend.tests.test_iteration9_features.TestProficiencyRates" name="test_create_and_delete_proficiency_rate" time="1.691" /><testcase classname="backend.tests.test_iteration9_features.TestCustomers" name="test_get_customers" time="0.423" /></testsuite></testsuites>