<?xml version="1.0" encoding="utf-8"?><testsuites name="pytest tests"><testsuite name="pytest" errors="0" failures="0" skipped="0" tests="12" time="5.850" timestamp="2026-02-22T12:48:39.412041+00:00" hostname="agent-env-0a61c4ab-78f9-49a8-823e-1ade0cccb195"><testcase classname="backend.tests.test_version_management.TestProjectVersionManagement" name="test_api_health" time="0.133" /><testcase classname="backend.tests.test_version_management.TestProjectVersionManagement" name="test_create_project_generates_project_number" time="0.252" /><testcase classname="backend.tests.test_version_management.TestProjectVersionManagement" name="test_clone_project_creates_new_project_number" time="0.590" /><testcase classname="backend.tests.test_version_management.TestProjectVersionManagement" name="test_new_version_keeps_same_project_number" time="0.849" /><testcase classname="backend.tests.test_version_management.TestProjectVersionManagement" name="test_get_project_versions" time="1.187" /><testcase classname="backend.tests.test_version_management.TestProjectVersionManagement" name="test_projects_list_shows_latest_only_by_default" time="1.145" /><testcase classname="backend.tests.test_version_management.TestProjectVersionManagement" name="test_edit_project_updates_existing" time="1.231" /><testcase classname="backend.tests.test_version_management.TestProjectEstimatorCoreAPIs" name="test_get_customers" time="0.077" /><testcase classname="backend.tests.test_version_management.TestProjectEstimatorCoreAPIs" name="test_get_proficiency_rates" time="0.089" /><testcase classname="backend.tests.test_version_management.TestProjectEstimatorCoreAPIs" name="test_get_technologies" time="0.074" /><testcase classname="backend.tests.test_version_management.TestProjectEstimatorCoreAPIs" name="test_get_base_locations" time="0.086" /><testcase classname="backend.tests.test_version_management.TestProjectEstimatorCoreAPIs" name="test_get_project_types" time="0.086" /></testsuite></testsuites>